# vsim -novopt work.hvl_top work.hdl_top -l spi_simulate.log -c -do "log -r /*; add wave -r /*; run -all;" -wlf waveform.wlf 
# Start time: 00:09:57 on Oct 27,2021
# ** Warning: (vsim-8891) All optimizations are turned off because the -novopt switch is in effect. This will cause your simulation to run very slowly. If you are using this switch to preserve visibility for Debug or PLI features please see the User's Manual section on Preserving Object Visibility with vopt.
# //  Questa Sim
# //  Version 10.6c linux Jul 25 2017
# //
# //  Copyright 1991-2017 Mentor Graphics Corporation
# //  All Rights Reserved.
# //
# //  QuestaSim and its associated documentation contain trade
# //  secrets and commercial or financial information that are the property of
# //  Mentor Graphics Corporation and are privileged, confidential,
# //  and exempt from disclosure under the Freedom of Information Act,
# //  5 U.S.C. Section 552. Furthermore, this information
# //  is prohibited from disclosure under the Trade Secrets Act,
# //  18 U.S.C. Section 1905.
# //
# Refreshing /hwetools/work_area/frontend/mukul/spi_avip/sim/questa_sim/work.hvl_top
# Refreshing /hwetools/work_area/frontend/mukul/spi_avip/sim/questa_sim/work.test_pkg
# Refreshing /hwetools/work_area/frontend/mukul/spi_avip/sim/questa_sim/work.spi_virtual_seq_pkg
# Refreshing /hwetools/work_area/frontend/mukul/spi_avip/sim/questa_sim/work.spi_env_pkg
# Refreshing /hwetools/work_area/frontend/mukul/spi_avip/sim/questa_sim/work.spi_slave_pkg
# Refreshing /hwetools/work_area/frontend/mukul/spi_avip/sim/questa_sim/work.spi_globals_pkg
# Loading sv_std.std
# Loading work.spi_globals_pkg
# Loading mtiUvm.uvm_pkg
# Loading work.spi_slave_pkg
# Refreshing /hwetools/work_area/frontend/mukul/spi_avip/sim/questa_sim/work.spi_master_pkg
# Loading work.spi_master_pkg
# Loading work.spi_env_pkg
# Refreshing /hwetools/work_area/frontend/mukul/spi_avip/sim/questa_sim/work.s_spi_seq_pkg
# Loading work.s_spi_seq_pkg
# Refreshing /hwetools/work_area/frontend/mukul/spi_avip/sim/questa_sim/work.m_spi_seq_pkg
# Loading work.m_spi_seq_pkg
# Loading work.spi_virtual_seq_pkg
# Loading work.test_pkg
# Loading work.hvl_top
# Refreshing /hwetools/work_area/frontend/mukul/spi_avip/sim/questa_sim/work.spi_if
# Loading work.spi_if
# Refreshing /hwetools/work_area/frontend/mukul/spi_avip/sim/questa_sim/work.master_monitor_bfm
# Loading work.master_monitor_bfm
# Refreshing /hwetools/work_area/frontend/mukul/spi_avip/sim/questa_sim/work.slave_monitor_bfm
# Loading work.slave_monitor_bfm
# Refreshing /hwetools/work_area/frontend/mukul/spi_avip/sim/questa_sim/work.hdl_top
# Loading work.hdl_top
# Refreshing /hwetools/work_area/frontend/mukul/spi_avip/sim/questa_sim/work.slave_agent_bfm
# Loading work.slave_agent_bfm
# Refreshing /hwetools/work_area/frontend/mukul/spi_avip/sim/questa_sim/work.slave_driver_bfm
# Loading work.slave_driver_bfm
# Loading mtiUvm.questa_uvm_pkg
# ** Warning: (vsim-8887) ../../src/hvl_top/slave/slave_driver_proxy.sv(61): Virtual interface element 'this.slave_drv_bfm_h.slave_drv_proxy_h' uses an interface with interface ports.
#    Time: 0 ns  Iteration: 0  Region: /spi_slave_pkg::slave_driver_proxy File: ../../src/hvl_top/slave/spi_slave_pkg.sv
# Loading /tools/mentor/questasim_10.6c/questasim/uvm-1.1d/linux/uvm_dpi.so
# log -r /*
#  add wave -r /*
#  run -all
# ----------------------------------------------------------------
# UVM-1.1d
# (C) 2007-2013 Mentor Graphics Corporation
# (C) 2007-2013 Cadence Design Systems, Inc.
# (C) 2006-2013 Synopsys, Inc.
# (C) 2011-2013 Cypress Semiconductor Corp.
# ----------------------------------------------------------------
# 
#   ***********       IMPORTANT RELEASE NOTES         ************
# 
#   You are using a version of the UVM library that has been compiled
#   with `UVM_NO_DEPRECATED undefined.
#   See http://www.eda.org/svdb/view.php?id=3313 for more details.
# 
#   You are using a version of the UVM library that has been compiled
#   with `UVM_OBJECT_MUST_HAVE_CONSTRUCTOR undefined.
#   See http://www.eda.org/svdb/view.php?id=3770 for more details.
# 
#       (Specify +UVM_NO_RELNOTES to turn off this notice)
# 
# UVM_INFO verilog_src/questa_uvm_pkg-1.2/src/questa_uvm_pkg.sv(215) @ 0: reporter [Questa UVM] QUESTA_UVM-1.2.3
# UVM_INFO verilog_src/questa_uvm_pkg-1.2/src/questa_uvm_pkg.sv(217) @ 0: reporter [Questa UVM]  questa_uvm::init(+struct)
# Master Monitor BFM
# Slave Monitor BFM
# UVM_INFO @ 0: reporter [RNTST] Running test base_test...
# HDL_TOP
# Slave Driver BFM
# Slave Monitor BFM
# Slave Agent BFM
# UVM_INFO ../../src/hvl_top/env/env.sv(59) @ 0: uvm_test_top.env [uvm_test_top.env] ENV: build_phase
# UVM_INFO @ 0: reporter [UVMTOP] UVM testbench topology:
# --------------------------------------------------------------
# Name                       Type                    Size  Value
# --------------------------------------------------------------
# uvm_test_top               base_test               -     @476 
#   env                      env                     -     @506 
#     master_agent_h         master_agent            -     @514 
#       master_drv_proxy_h   master_driver_proxy     -     @639 
#         rsp_port           uvm_analysis_port       -     @654 
#         seq_item_port      uvm_seq_item_pull_port  -     @646 
#       master_mon_proxy_h   master_monitor_proxy    -     @771 
#       master_seqr_h        master_sequencer        -     @662 
#         rsp_export         uvm_analysis_export     -     @669 
#         seq_item_export    uvm_seq_item_pull_imp   -     @763 
#         arbitration_queue  array                   0     -    
#         lock_queue         array                   0     -    
#         num_last_reqs      integral                32    'd1  
#         num_last_rsps      integral                32    'd1  
#     slave_agent_h[0]       slave_agent             -     @521 
#       slave_drv_proxy_h    slave_driver_proxy      -     @786 
#         rsp_port           uvm_analysis_port       -     @801 
#         seq_item_port      uvm_seq_item_pull_port  -     @793 
#       slave_mon_proxy_h    slave_monitor_proxy     -     @918 
#       slave_seqr_h         slave_sequencer         -     @809 
#         rsp_export         uvm_analysis_export     -     @816 
#         seq_item_export    uvm_seq_item_pull_imp   -     @910 
#         arbitration_queue  array                   0     -    
#         lock_queue         array                   0     -    
#         num_last_reqs      integral                32    'd1  
#         num_last_rsps      integral                32    'd1  
#     virtual_seqr_h         virtual_sequencer       -     @528 
#       master_seqr_h        master_sequencer        -     @937 
#         rsp_export         uvm_analysis_export     -     @944 
#         seq_item_export    uvm_seq_item_pull_imp   -     @1038
#         arbitration_queue  array                   0     -    
#         lock_queue         array                   0     -    
#         num_last_reqs      integral                32    'd1  
#         num_last_rsps      integral                32    'd1  
#       rsp_export           uvm_analysis_export     -     @535 
#       seq_item_export      uvm_seq_item_pull_imp   -     @629 
#       slave_seqr_h         slave_sequencer         -     @1046
#         rsp_export         uvm_analysis_export     -     @1053
#         seq_item_export    uvm_seq_item_pull_imp   -     @1147
#         arbitration_queue  array                   0     -    
#         lock_queue         array                   0     -    
#         num_last_reqs      integral                32    'd1  
#         num_last_rsps      integral                32    'd1  
#       arbitration_queue    array                   0     -    
#       lock_queue           array                   0     -    
#       num_last_reqs        integral                32    'd1  
#       num_last_rsps        integral                32    'd1  
# --------------------------------------------------------------
# 
# 
# --- UVM Report Summary ---
# 
# ** Report counts by severity
# UVM_INFO :    5
# UVM_WARNING :    0
# UVM_ERROR :    0
# UVM_FATAL :    0
# ** Report counts by id
# [Questa UVM]     2
# [RNTST]     1
# [UVMTOP]     1
# [uvm_test_top.env]     1
# ** Note: $finish    : /tools/mentor/questasim_10.6c/questasim/linux/../verilog_src/uvm-1.1d/src/base/uvm_root.svh(430)
#    Time: 0 ns  Iteration: 215  Instance: /hvl_top
# End time: 00:10:06 on Oct 27,2021, Elapsed time: 0:00:09
# Errors: 0, Warnings: 2
