QuestaSim vlog 10.6c Compiler 2017.07 Jul 25 2017
Start time: 04:16:49 on Oct 28,2021
vlog -sv -l spi_compile.log "+incdir+../../src/globals/" "+incdir+../../src/hvl_top/test/sequences/master_sequences/" "+incdir+../../src/hvl_top/master/" "+incdir+../../src/hdl_top/master_agent_bfm/" "+incdir+../../src/hvl_top/env/virtual_sequencer/" "+incdir+../../src/hvl_top/test/virtual_sequences/" "+incdir+../../src/hvl_top/env" "+incdir+../../src/hvl_top/slave" "+incdir+../../src/hvl_top/test/sequences/slave_sequences/" "+incdir+../../src/hvl_top/test" "+incdir+../../src/hdl_top/slave_agent_bfm" "+incdir+../../src/hdl_top/spi_interface" ../../src/globals/spi_globals_pkg.sv ../../src/hvl_top/master/spi_master_pkg.sv ../../src/hvl_top/slave/spi_slave_pkg.sv ../../src/hvl_top/test/sequences/master_sequences/spi_master_seq_pkg.sv ../../src/hvl_top/test/sequences/slave_sequences/spi_slave_seq_pkg.sv ../../src/hvl_top/env/spi_env_pkg.sv ../../src/hvl_top/test/virtual_sequences/spi_virtual_seq_pkg.sv ../../src/hvl_top/test/test_pkg.sv ../../src/hdl_top/spi_interface/spi_if.sv ../../src/hdl_top/master_agent_bfm/master_driver_bfm.sv ../../src/hdl_top/master_agent_bfm/master_monitor_bfm.sv ../../src/hdl_top/master_agent_bfm/master_agent_bfm.sv ../../src/hdl_top/slave_agent_bfm/slave_driver_bfm.sv ../../src/hdl_top/slave_agent_bfm/slave_monitor_bfm.sv ../../src/hdl_top/slave_agent_bfm/slave_agent_bfm.sv ../../src/hdl_top/hdl_top.sv ../../src/hvl_top/hvl_top.sv 
-- Compiling package spi_globals_pkg
-- Compiling package spi_master_pkg
** Note: (vlog-2286) ../../src/hvl_top/master/spi_master_pkg.sv(13): Using implicit +incdir+/tools/mentor/questasim_10.6c/questasim/uvm-1.1d/../verilog_src/uvm-1.1d/src from import uvm_pkg
-- Importing package mtiUvm.uvm_pkg (uvm-1.1d Built-in)
-- Importing package spi_globals_pkg
** Error: (vlog-13069) ** while parsing file included at ../../src/hvl_top/master/spi_master_pkg.sv(26)
** while parsing macro expansion: 'uvm_fatal' starting at ../../src/hvl_top/master//master_driver_proxy.sv(55)
** at ../../src/hvl_top/master//master_driver_proxy.sv(55): near "begin": syntax error, unexpected begin.
** Error (suppressible): ** while parsing file included at ../../src/hvl_top/master/spi_master_pkg.sv(27)
** at ../../src/hvl_top/master//master_driver_proxy.sv(68): (vlog-13163) End label 'connect_phase' does not match function name on line 52.
-- Compiling package spi_slave_pkg
-- Compiling package spi_master_seq_pkg
** Error: ../../src/hvl_top/test/sequences/master_sequences/spi_master_seq_pkg.sv(16): (vlog-13006) Could not find the package (spi_master_pkg).  Design read will continue, but expect a cascade of errors after this failure.  Furthermore if you experience a vopt-7 error immediately before this error then please check the package names or the library search paths on the command line.
** Error: ** while parsing file included at ../../src/hvl_top/test/sequences/master_sequences/spi_master_seq_pkg.sv(21)
** at ../../src/hvl_top/test/sequences/master_sequences//master_base_seq.sv(8): (vlog-2730) Undefined variable: 'master_tx'.
** Error: ** while parsing file included at ../../src/hvl_top/test/sequences/master_sequences/spi_master_seq_pkg.sv(22)
** at ../../src/hvl_top/test/sequences/master_sequences//spi_fd_8b_master_seq.sv(41): (vlog-2164) Class or package 'master_tx' not found.
** Error: (vlog-13069) ** while parsing file included at ../../src/hvl_top/test/sequences/master_sequences/spi_master_seq_pkg.sv(22)
** at ../../src/hvl_top/test/sequences/master_sequences//spi_fd_8b_master_seq.sv(41): near "::": syntax error, unexpected ::, expecting ';'.
** Error: ** while parsing file included at ../../src/hvl_top/test/sequences/master_sequences/spi_master_seq_pkg.sv(23)
** at ../../src/hvl_top/test/sequences/master_sequences//spi_fd_16b_master_seq.sv(39): (vlog-2164) Class or package 'master_tx' not found.
** Error: (vlog-13069) ** while parsing file included at ../../src/hvl_top/test/sequences/master_sequences/spi_master_seq_pkg.sv(23)
** at ../../src/hvl_top/test/sequences/master_sequences//spi_fd_16b_master_seq.sv(39): near "::": syntax error, unexpected ::, expecting ';'.
-- Compiling package spi_slave_seq_pkg
-- Importing package spi_slave_pkg
-- Compiling package spi_env_pkg
** Error: ../../src/hvl_top/env/spi_env_pkg.sv(16): (vlog-13006) Could not find the package (spi_master_pkg).  Design read will continue, but expect a cascade of errors after this failure.  Furthermore if you experience a vopt-7 error immediately before this error then please check the package names or the library search paths on the command line.
** Error: ** while parsing file included at ../../src/hvl_top/env/spi_env_pkg.sv(20)
** at ../../src/hvl_top/env/env_config.sv(28): Invalid type 'master_agent_config'. Please check the type of the variable 'master_agent_cfg_h'.
** Error: ** while parsing file included at ../../src/hvl_top/env/spi_env_pkg.sv(21)
** at ../../src/hvl_top/env/virtual_sequencer//virtual_sequencer.sv(19): Invalid type 'master_sequencer'. Please check the type of the variable 'master_seqr_h'.
** Error: ** while parsing file included at ../../src/hvl_top/env/spi_env_pkg.sv(21)
** at ../../src/hvl_top/env/virtual_sequencer//virtual_sequencer.sv(59): (vlog-2730) Undefined variable: 'master_seqr_h'.
** Error: ** while parsing file included at ../../src/hvl_top/env/spi_env_pkg.sv(21)
** at ../../src/hvl_top/env/virtual_sequencer//virtual_sequencer.sv(59): (vlog-2164) Class or package 'master_sequencer' not found.
** Error: ** while parsing file included at ../../src/hvl_top/env/spi_env_pkg.sv(21)
** at ../../src/hvl_top/env/virtual_sequencer//virtual_sequencer.sv(59): (vlog-2730) Undefined variable: 'master_sequencer'.
** Error: (vlog-13069) ** while parsing file included at ../../src/hvl_top/env/spi_env_pkg.sv(21)
** at ../../src/hvl_top/env/virtual_sequencer//virtual_sequencer.sv(59): near "::": syntax error, unexpected ::, expecting ';'.
** Error: ** while parsing file included at ../../src/hvl_top/env/spi_env_pkg.sv(24)
** at ../../src/hvl_top/env/spi_scoreboard.sv(14): Invalid type 'master_tx'. Please check the type of the variable 'master_tx_h'.
** Error: ** while parsing file included at ../../src/hvl_top/env/spi_env_pkg.sv(24)
** at ../../src/hvl_top/env/spi_scoreboard.sv(27): (vlog-2730) Undefined variable: 'master_tx'.
** Error: ** while parsing file included at ../../src/hvl_top/env/spi_env_pkg.sv(28)
** at ../../src/hvl_top/env/env.sv(30): Invalid type 'master_agent'. Please check the type of the variable 'master_agent_h'.
** Error: ** while parsing file included at ../../src/hvl_top/env/spi_env_pkg.sv(28)
** at ../../src/hvl_top/env/env.sv(70): (vlog-2730) Undefined variable: 'master_agent_h'.
** Error: ** while parsing file included at ../../src/hvl_top/env/spi_env_pkg.sv(28)
** at ../../src/hvl_top/env/env.sv(70): (vlog-2164) Class or package 'master_agent' not found.
** Error: ** while parsing file included at ../../src/hvl_top/env/spi_env_pkg.sv(28)
** at ../../src/hvl_top/env/env.sv(70): (vlog-2730) Undefined variable: 'master_agent'.
** Error: (vlog-13069) ** while parsing file included at ../../src/hvl_top/env/spi_env_pkg.sv(28)
** at ../../src/hvl_top/env/env.sv(70): near "::": syntax error, unexpected ::, expecting ';'.
-- Compiling package spi_virtual_seq_pkg
** Error: ../../src/hvl_top/test/virtual_sequences/spi_virtual_seq_pkg.sv(15): (vlog-13006) Could not find the package (spi_master_pkg).  Design read will continue, but expect a cascade of errors after this failure.  Furthermore if you experience a vopt-7 error immediately before this error then please check the package names or the library search paths on the command line.
** Error: ../../src/hvl_top/test/virtual_sequences/spi_virtual_seq_pkg.sv(17): (vlog-13006) Could not find the package (spi_master_seq_pkg).  Design read will continue, but expect a cascade of errors after this failure.  Furthermore if you experience a vopt-7 error immediately before this error then please check the package names or the library search paths on the command line.
-- Importing package spi_slave_seq_pkg
** Error: ../../src/hvl_top/test/virtual_sequences/spi_virtual_seq_pkg.sv(19): (vlog-13006) Could not find the package (spi_env_pkg).  Design read will continue, but expect a cascade of errors after this failure.  Furthermore if you experience a vopt-7 error immediately before this error then please check the package names or the library search paths on the command line.
** Error: ** while parsing file included at ../../src/hvl_top/test/virtual_sequences/spi_virtual_seq_pkg.sv(25)
** at ../../src/hvl_top/test/virtual_sequences//spi_fd_virtual_seq_base.sv(13): Invalid type 'virtual_sequencer'. Please check the type of the variable 'virtual_seqr_h'.
** Error: ** while parsing file included at ../../src/hvl_top/test/virtual_sequences/spi_virtual_seq_pkg.sv(25)
** at ../../src/hvl_top/test/virtual_sequences//spi_fd_virtual_seq_base.sv(18): Invalid type 'master_sequencer'. Please check the type of the variable 'master_seqr_h'.
** Error: ** while parsing file included at ../../src/hvl_top/test/virtual_sequences/spi_virtual_seq_pkg.sv(25)
** at ../../src/hvl_top/test/virtual_sequences//spi_fd_virtual_seq_base.sv(20): Invalid type 'env_config'. Please check the type of the variable 'env_cfg_h'.
** Error: ** while parsing file included at ../../src/hvl_top/test/virtual_sequences/spi_virtual_seq_pkg.sv(25)
** at ../../src/hvl_top/test/virtual_sequences//spi_fd_virtual_seq_base.sv(50): (vlog-2730) Undefined variable: 'env_config'.
** Error: ** while parsing file included at ../../src/hvl_top/test/virtual_sequences/spi_virtual_seq_pkg.sv(25)
** at ../../src/hvl_top/test/virtual_sequences//spi_fd_virtual_seq_base.sv(66): (vlog-2730) Undefined variable: 'master_seqr_h'.
** Error: ** while parsing file included at ../../src/hvl_top/test/virtual_sequences/spi_virtual_seq_pkg.sv(26)
** at ../../src/hvl_top/test/virtual_sequences//spi_fd_8b_virtual_seq.sv(11): Invalid type 'spi_fd_8b_master_seq'. Please check the type of the variable 'spi_fd_8b_master_seq_h'.
** Error: ** while parsing file included at ../../src/hvl_top/test/virtual_sequences/spi_virtual_seq_pkg.sv(26)
** at ../../src/hvl_top/test/virtual_sequences//spi_fd_8b_virtual_seq.sv(47): (vlog-2730) Undefined variable: 'spi_fd_8b_master_seq_h'.
** Error: ** while parsing file included at ../../src/hvl_top/test/virtual_sequences/spi_virtual_seq_pkg.sv(26)
** at ../../src/hvl_top/test/virtual_sequences//spi_fd_8b_virtual_seq.sv(47): (vlog-2164) Class or package 'spi_fd_8b_master_seq' not found.
** Error: ** while parsing file included at ../../src/hvl_top/test/virtual_sequences/spi_virtual_seq_pkg.sv(26)
** at ../../src/hvl_top/test/virtual_sequences//spi_fd_8b_virtual_seq.sv(47): (vlog-2730) Undefined variable: 'spi_fd_8b_master_seq'.
** Error: (vlog-13069) ** while parsing file included at ../../src/hvl_top/test/virtual_sequences/spi_virtual_seq_pkg.sv(26)
** at ../../src/hvl_top/test/virtual_sequences//spi_fd_8b_virtual_seq.sv(47): near "::": syntax error, unexpected ::, expecting ';'.
** Error: ** while parsing file included at ../../src/hvl_top/test/virtual_sequences/spi_virtual_seq_pkg.sv(27)
** at ../../src/hvl_top/test/virtual_sequences//spi_fd_16b_virtual_seq.sv(12): Invalid type 'spi_fd_16b_master_seq'. Please check the type of the variable 'spi_fd_16b_master_seq_h'.
** Error: ** while parsing file included at ../../src/hvl_top/test/virtual_sequences/spi_virtual_seq_pkg.sv(27)
** at ../../src/hvl_top/test/virtual_sequences//spi_fd_16b_virtual_seq.sv(48): (vlog-2730) Undefined variable: 'spi_fd_16b_master_seq_h'.
** Error: ** while parsing file included at ../../src/hvl_top/test/virtual_sequences/spi_virtual_seq_pkg.sv(27)
** at ../../src/hvl_top/test/virtual_sequences//spi_fd_16b_virtual_seq.sv(48): (vlog-2164) Class or package 'spi_fd_16b_master_seq' not found.
** Error: ** while parsing file included at ../../src/hvl_top/test/virtual_sequences/spi_virtual_seq_pkg.sv(27)
** at ../../src/hvl_top/test/virtual_sequences//spi_fd_16b_virtual_seq.sv(48): (vlog-2730) Undefined variable: 'spi_fd_16b_master_seq'.
** Error: (vlog-13069) ** while parsing file included at ../../src/hvl_top/test/virtual_sequences/spi_virtual_seq_pkg.sv(27)
** at ../../src/hvl_top/test/virtual_sequences//spi_fd_16b_virtual_seq.sv(48): near "::": syntax error, unexpected ::, expecting ';'.
-- Compiling package test_pkg
** Error: ../../src/hvl_top/test/test_pkg.sv(21): (vlog-13006) Could not find the package (spi_master_pkg).  Design read will continue, but expect a cascade of errors after this failure.  Furthermore if you experience a vopt-7 error immediately before this error then please check the package names or the library search paths on the command line.
** Error: ../../src/hvl_top/test/test_pkg.sv(23): (vlog-13006) Could not find the package (spi_env_pkg).  Design read will continue, but expect a cascade of errors after this failure.  Furthermore if you experience a vopt-7 error immediately before this error then please check the package names or the library search paths on the command line.
** Error: ../../src/hvl_top/test/test_pkg.sv(24): (vlog-13006) Could not find the package (spi_master_seq_pkg).  Design read will continue, but expect a cascade of errors after this failure.  Furthermore if you experience a vopt-7 error immediately before this error then please check the package names or the library search paths on the command line.
** Error: ../../src/hvl_top/test/test_pkg.sv(26): (vlog-13006) Could not find the package (spi_virtual_seq_pkg).  Design read will continue, but expect a cascade of errors after this failure.  Furthermore if you experience a vopt-7 error immediately before this error then please check the package names or the library search paths on the command line.
** Error: ** while parsing file included at ../../src/hvl_top/test/test_pkg.sv(29)
** at ../../src/hvl_top/test/base_test.sv(13): Invalid type 'env_config'. Please check the type of the variable 'env_cfg_h'.
** Error: ** while parsing file included at ../../src/hvl_top/test/test_pkg.sv(29)
** at ../../src/hvl_top/test/base_test.sv(17): Invalid type 'env'. Please check the type of the variable 'env_h'.
** Error: ** while parsing file included at ../../src/hvl_top/test/test_pkg.sv(29)
** at ../../src/hvl_top/test/base_test.sv(54): (vlog-2730) Undefined variable: 'env_h'.
** Error: ** while parsing file included at ../../src/hvl_top/test/test_pkg.sv(29)
** at ../../src/hvl_top/test/base_test.sv(54): (vlog-2164) Class or package 'env' not found.
** Error: ** while parsing file included at ../../src/hvl_top/test/test_pkg.sv(29)
** at ../../src/hvl_top/test/base_test.sv(54): (vlog-2730) Undefined variable: 'env'.
** Error: (vlog-13069) ** while parsing file included at ../../src/hvl_top/test/test_pkg.sv(29)
** at ../../src/hvl_top/test/base_test.sv(54): near "::": syntax error, unexpected ::, expecting ';'.
** Error: ** while parsing file included at ../../src/hvl_top/test/test_pkg.sv(29)
** at ../../src/hvl_top/test/base_test.sv(63): (vlog-2730) Undefined variable: 'env_cfg_h'.
** Error: ** while parsing file included at ../../src/hvl_top/test/test_pkg.sv(29)
** at ../../src/hvl_top/test/base_test.sv(63): (vlog-2164) Class or package 'env_config' not found.
** Error: ** while parsing file included at ../../src/hvl_top/test/test_pkg.sv(29)
** at ../../src/hvl_top/test/base_test.sv(63): (vlog-2730) Undefined variable: 'env_config'.
** Error: (vlog-13069) ** while parsing file included at ../../src/hvl_top/test/test_pkg.sv(29)
** at ../../src/hvl_top/test/base_test.sv(63): near "::": syntax error, unexpected ::, expecting ';'.
** Error: ** while parsing file included at ../../src/hvl_top/test/test_pkg.sv(29)
** at ../../src/hvl_top/test/base_test.sv(83): (vlog-2164) Class or package 'master_agent_config' not found.
** Error: ** while parsing file included at ../../src/hvl_top/test/test_pkg.sv(29)
** at ../../src/hvl_top/test/base_test.sv(83): (vlog-2730) Undefined variable: 'master_agent_config'.
** Error: (vlog-13069) ** while parsing file included at ../../src/hvl_top/test/test_pkg.sv(29)
** at ../../src/hvl_top/test/base_test.sv(83): near "::": syntax error, unexpected ::, expecting ';'.
** Error: ** while parsing file included at ../../src/hvl_top/test/test_pkg.sv(30)
** at ../../src/hvl_top/test/spi_simple_fd_8b_test.sv(17): Invalid type 'spi_fd_8b_virtual_seq'. Please check the type of the variable 'spi_fd_8b_virtual_seq_h'.
** Error: ** while parsing file included at ../../src/hvl_top/test/test_pkg.sv(30)
** at ../../src/hvl_top/test/spi_simple_fd_8b_test.sv(53): (vlog-2730) Undefined variable: 'spi_fd_8b_virtual_seq_h'.
** Error: ** while parsing file included at ../../src/hvl_top/test/test_pkg.sv(30)
** at ../../src/hvl_top/test/spi_simple_fd_8b_test.sv(53): (vlog-2164) Class or package 'spi_fd_8b_virtual_seq' not found.
** Error: ** while parsing file included at ../../src/hvl_top/test/test_pkg.sv(30)
** at ../../src/hvl_top/test/spi_simple_fd_8b_test.sv(53): (vlog-2730) Undefined variable: 'spi_fd_8b_virtual_seq'.
** Error: (vlog-13069) ** while parsing file included at ../../src/hvl_top/test/test_pkg.sv(30)
** at ../../src/hvl_top/test/spi_simple_fd_8b_test.sv(53): near "::": syntax error, unexpected ::, expecting ';'.
-- Compiling interface spi_if
-- Compiling interface master_driver_bfm
** Error: ../../src/hdl_top/master_agent_bfm/master_driver_bfm.sv(23): (vlog-13006) Could not find the package (spi_master_pkg).  Design read will continue, but expect a cascade of errors after this failure.  Furthermore if you experience a vopt-7 error immediately before this error then please check the package names or the library search paths on the command line.
-- Compiling interface master_monitor_bfm
** Error: ../../src/hdl_top/master_agent_bfm/master_monitor_bfm.sv(21): (vlog-13006) Could not find the package (spi_master_pkg).  Design read will continue, but expect a cascade of errors after this failure.  Furthermore if you experience a vopt-7 error immediately before this error then please check the package names or the library search paths on the command line.
-- Compiling module master_agent_bfm
-- Compiling interface slave_driver_bfm
-- Compiling interface slave_monitor_bfm
-- Compiling module slave_agent_bfm
-- Compiling module hdl_top
-- Compiling module hvl_top
** Error: ../../src/hvl_top/hvl_top.sv(9): (vlog-13006) Could not find the package (test_pkg).  Design read will continue, but expect a cascade of errors after this failure.  Furthermore if you experience a vopt-7 error immediately before this error then please check the package names or the library search paths on the command line.
End time: 04:16:50 on Oct 28,2021, Elapsed time: 0:00:01
Errors: 65, Warnings: 0
